 root name = 871101114127
 Thu Nov  1 11:51:54 2001
 constants print =     0
 constants print =     1
 Thu Nov  1 11:51:55 2001
 jump to 871101114127p                                     
 about to call getbin to read unit   24
 just read   838 records
 jump back to main input stream.
  completed reading input phase file
 average rms of all events =    0.16698
 average vp/vs ratio =       1.77 for    1 events.  standard deviation of ratio =       0.00

 ***** class/     a     b     c     d total *****

      number/   1.0   0.0   0.0   0.0   1.0

  percentage/ 100.0   0.0   0.0   0.0

   include only class d and better in the following statistics.

          ----------- p residuals --------------    ----------- s residuals -------------
           no event wting        event wting         no event wting        event wting
 station  n  wt  ave   sd     n   wt  ave   sd      n  wt   ave  sd     n   wt   ave  sd    station
    cfiz   1 0.6 0.040 0.000   1 11.6 0.040 0.000    1 0.0 1.169 0.000   1  0.5 1.169 0.000    cfi
    cvaz   1 0.0-0.467 0.000   1  0.3-0.467 0.000    0 0.0 0.000 0.000   0  0.0 0.000 0.000    cva
    fidz   1 1.0-0.074 0.000   1 18.0-0.074 0.000    0 0.0 0.000 0.000   0  0.0 0.000 0.000    fid
    gbyz   1 1.0-0.089 0.000   1 18.0-0.089 0.000    0 0.0 0.000 0.000   0  0.0 0.000 0.000    gby
    gliz   1 0.0-0.280 0.000   1  0.2-0.280 0.000    1 0.0-0.304 0.000   1  0.2-0.304 0.000    gli
    kniz   1 1.0 0.225 0.000   1 18.0 0.225 0.000    1 0.0 0.854 0.000   1  0.7 0.854 0.000    kni
    louz   1 0.0-0.303 0.000   1  0.2-0.303 0.000    1 1.0-0.140 0.000   1 18.0-0.140 0.000    lou
    mspz   1 1.0-0.034 0.000   1 18.0-0.034 0.000    0 0.0 0.000 0.000   0  0.0 0.000 0.000    msp
    mtuz   1 1.0-0.049 0.000   1 18.0-0.049 0.000    1 0.0 0.870 0.000   1  0.7 0.870 0.000    mtu
    prgz   1 0.0 0.129 0.000   1  0.7 0.129 0.000    1 0.0 0.264 0.000   1  0.2 0.264 0.000    prg
    pwlz   1 1.0 0.083 0.000   1 18.0 0.083 0.000    0 0.0 0.000 0.000   0  0.0 0.000 0.000    pwl
    slkz   1 0.0-0.126 0.000   1  0.1-0.126 0.000    0 0.0 0.000 0.000   0  0.0 0.000 0.000    slk
    swdz   1 0.0-0.674 0.000   1  0.7-0.674 0.000    0 0.0 0.000 0.000   0  0.0 0.000 0.000    swd
    vlzz   1 0.0 0.259 0.000   1  0.0 0.259 0.000    0 0.0 0.000 0.000   0  0.0 0.000 0.000    vlz
    vzwz   1 0.4-0.070 0.000   1  6.6-0.070 0.000    1 0.0 0.943 0.000   1  0.3 0.943 0.000    vzw

           s-p residuals        x-mag res       f-mag res
 station  n  wt  ave   sd     n  ave   sd     n  ave   sd
    cfiz   0 0.0 0.000 0.000   0 0.000 0.000   1 0.181 0.000
    fidz   0 0.0 0.000 0.000   0 0.000 0.000   1-0.184 0.000
    gbyz   0 0.0 0.000 0.000   0 0.000 0.000   1-0.111 0.000
    gliz   0 0.0 0.000 0.000   0 0.000 0.000   1-0.222 0.000
    kniz   0 0.0 0.000 0.000   0 0.000 0.000   1 0.557 0.000
    mspz   0 0.0 0.000 0.000   0 0.000 0.000   1-0.350 0.000
    pmsz   0 0.0 0.000 0.000   1-0.920 0.000   0 0.000 0.000
    prgz   0 0.0 0.000 0.000   0 0.000 0.000   1-0.111 0.000
    pwlz   0 0.0 0.000 0.000   0 0.000 0.000   1-0.147 0.000
    rdtz   0 0.0 0.000 0.000   1 0.920 0.000   0 0.000 0.000
    slkz   0 0.0 0.000 0.000   0 0.000 0.000   1 0.181 0.000
    spuz   0 0.0 0.000 0.000   0 0.000 0.000   1 0.318 0.000
    vzwz   0 0.0 0.000 0.000   0 0.000 0.000   1-0.111 0.000
