 *** Hypoellipse: Unix/Non-Xpick/Y2K version 3.9 11/1/2001  ***
  Configured for up to 1024 stations in station list
  and up to 1501 records per earthquake.
  Run on 01/11/01 at 11:51
 JUMP headopts.prm                                                                                             
 arrival-time record blank source fields will be assumed to be source "*"


                                          usgs sun standard processing headopts.prm            
 list of stations available for these solutions
                                          usgs sun standard processing headopts.prm            
 begin station list -1 19870101                                                  
 station list code =   -1
 set up for events starting on 19870101
 name latitude  longitude  elev p thickness p p  pdy1 sdy1  pdy2 sdy2  pdy3 sdy3  pdy4 sdy4  pdy5 sdy5     calr xmgc mgwt fmgc wt 
 * continuation  record *      thk 1   2  mod dly                                                      sys                     ps
  polarity stawt teldy code altdy cnyrmody hr
                                           usgs sun standard processing headopts.prm            

       test variables              description
     standard  reset to
  1    1.7800    1.7800    ratio of p-wave velocity to s-wave velocity.
  2    5.0000   -1.0000****lt 0 no elev cor/ =0 use 1st vel/ gt 0 use this.
  3    0.0000    0.0000    first trial latitude in degrees.
  4    0.0000    0.0000    first trial longitude in degrees.
  5  -99.0000   30.0000****first trial depth in kilometers, unless = -99.
  6    0.0000    0.0000    sphere rad for aux rms values. if neg cont iteration at most neg point.
  7   10.0000  -25.0000****minimum number of first motions required to plot.
  8    0.0000    3.0000****elevation of top of layered models (km).
  9    0.0000    1.0000****if 0 allow neg depths in summary and archive files.
 10   50.0000    5.0000****apply distance weighting on this iteration.
 11   50.0000  100.0000****xnear = greatest distance with weight of 1.0
 12  100.0000  150.0000****xfar = least distnace with weight of 0.0
 13   50.0000   50.0000    apply azimuthal weighting on this iteration.
 14   50.0000   50.0000    weight out large residuals on this iteration.
 15   10.0000   10.0000    give zero weight to residuals gt this.
 16   50.0000   50.0000    apply boxcar weighting on this iteration.
 17    2.0000    2.0000    give zero weight to residuals gt this*stand. dev.
 18   50.0000   50.0000    begin jeffreys weighting on this iteration.
 19    0.0500    0.0500    use jeffreys weighting only if rms gt this.
 20    0.0500    0.0500    mu of jeffreys weighting funct.
 21    9.0000   20.0000****maximum number of iterations.
 22   35.0000   20.0000****limit change in focal depth to this amount (km).
 23    0.7000    0.7000    if delz would make z neg, set delz = -this*z (km).
 24   35.0000   35.0000    limit change in epicenter to this. (km).
 25   40.0000  150.0000****fix depth if epicentral change gt this. (km).
 26    0.0025    0.0000****stop iterating if square of adjustment lt this.
 27   20.0000   20.0000    global opt: if deep solution z > this, continue with z 1/2 way to surface.
 28    0.0000    0.0000    for fixed hypo on plane, set = plunge azimuth.  if neg. continue as free sol.
 29   -0.1000   -0.1000    set std err of res=+this if degrees of freedom =0 or =-this if this lt 0.
 30    0.0000    0.0000    dip of plunge vector for epi. fixed on plane.  see test(28) & (47) also.
 31   -1.1500   -1.1500    duration magnitude c1, constant.
 32    2.0000    2.0000    duration magnitude c2, *log((f - p)*fmgc).
 33    0.0000    0.0000    duration magnitude c3, *delta.
 34    0.0000    0.0000    if not 0, scale the normal equations.
 35    0.0010    0.0000****minimum damping of normal equations.  
 36  100.0000  100.0000    maximum first trial depth if computed from p-arrival times.
 37    3.0000    5.0000****if termination occurs before this iteration, set iteration number to this and continue.
 38    0.0000    2.0000****if this =1, run all with and then without s/ =2,run with s/ =3, run without s/ =4, fix hypo
                              / neg, use s to fix origin.
 39    1.0000    1.0000    multiply the s and s-p weights by this factor.
 40    0.0070    0.0070    duration magnitude c4, *depth.
 41    0.0000    0.0000    if this =1, print opt. ge 1, & summary opt. =+ or -1, then write sum. record each itteration.
 42   75.0000   75.0000    global opt: deep starting z wrt top of model.
 43    0.0000    0.0000    duration magnitude c5, *(log((f - p)*fmgc)**2).
 44    0.0000    1.0000****if =1 rerun debug eqs with critical sta/ =2 continue iter with crit sta.
 45    0.1379    0.1061****x scale factor for focal mechanism plot.
 46    0.0000  -15.0000****xfar set ge dist of test(46)th station + 10.  if lt 0 then fill gap.
 47    0.0000    0.0000    weight for fix on plane.  see test(28) and (30).
 48    6.5000    6.5000    half-space velocity for first trial location.
 49    0.0000    1.0000****if .ne. 0 calculate vp/vs ratio; if abs val >1 make wadati plot; if neg, use wadati origin in solution.
 50    0.0000    0.0000    for exploring rms space, compute this number of fixed depth solutions (up to 22).

 51 1000.0000 1000.0000    for epicentral distance beyond this, use first travel-time table.
 52 2800.0000 2800.0000    Wood Anderson static magnification assumed for local magnitude determination.
 53    1.0000    1.0000    if .eq. 1 stations with 4-letter codes ending e or n treated as horizontals.
 54  200.0000  200.0000    if 1st computed trial location > this (km) from closest station, start at closest station.
 55   19.0000   19.0000    assumed century for events without summary record.

 weight option - relative standard errors for code:   0      1      2      3
                                                     1.000  5.000 10.000 20.000

 printer option    1   summary option     3      magnitude option    3      tabulation option  4

 no event output  -2
 one line/eq      -1
 final solution    0   no sum records     0      use xmag            0      no summary        0
 one line per iter 1   summary records    1      use fmag            1      a                 1
 sta res each iter 2   sum + archive file 2      use (xmag+fmag)/2   2      a + b             2
 regres each iter  3   archive file       3      prefer fmag /xmag   3      a,b + c           3
                       "corrected" input  4      prefer xmag /fmag   4      a,b,c + d         4
                                                 if neg use fms not fmp     positive/q from std errors
                                                                            negative/q from sol+sta
 u of a cal data file:  caldata.bin                                       
 make compensating change in layer below variable layer.


       velocity model  1
   layer  velocity     depth   thickness    vpvs  
           km/sec       km        km

     1       5.000     0.000    10.000     1.780
     2       6.800    10.000     5.500     1.780
     3       8.100    15.500  1000.000     1.780


       velocity model  2
   layer  velocity     depth   thickness    vpvs  
           km/sec       km        km

     4       5.300     0.000     7.000     1.780
     5       5.600     7.000     6.000     1.780
     6       6.200    13.000     5.000     1.780
     7       6.900    18.000     5.000     1.780
     8       7.400    23.000     5.000     1.780
     9       7.700    28.000     8.000     1.780
    10       7.900    36.000    14.000     1.780
    11       8.100    50.000    18.000     1.780
    12       8.300    68.000  1000.000     1.780


       velocity model  3
   layer  velocity     depth   thickness    vpvs  
           km/sec       km        km

    13       5.900     0.000    27.400     1.780
    14       7.400    27.400    15.800     1.780
    15       7.900    43.200    35.800     1.780
    16       8.290    79.000   225.000     1.780
    17      10.400   304.000   244.000     1.780
    18      12.600   548.000  1000.000     1.780


       velocity model  4
   layer  velocity     depth   thickness    vpvs  
           km/sec       km        km

    19       2.900     0.000     1.300     1.800
    20       5.100     1.300     3.200     1.800
    21       6.400     4.500    15.500     1.720
    22       7.000    20.000  1000.000     1.780


 the next model is for s only:


       velocity model  5
   layer  velocity     depth   thickness    vpvs  
           km/sec       km        km

    23       1.611     0.000     1.300     0.000
    24       2.833     1.300     3.200     0.000
    25       3.721     4.500    15.500     0.000
    26       3.933    20.000  1000.000     0.000


       velocity model  6
   layer  velocity     depth   thickness    vpvs  
           km/sec       km        km

    27       5.100     0.000     1.000     1.810
    28       5.500     1.000     7.250     1.810
    29       6.300     8.250    22.000     1.740
    30       7.200    30.250  1000.000     1.780


 the next model is for s only:


       velocity model  7
   layer  velocity     depth   thickness    vpvs  
           km/sec       km        km

    31       2.818     0.000     1.000     0.000
    32       3.039     1.000     7.250     0.000
    33       3.621     8.250    22.000     0.000
    34       4.045    30.250  1000.000     0.000


       velocity model  8
   layer  velocity     depth   thickness    vpvs  
           km/sec       km        km

    35       2.300     0.000     2.300     1.800
    36       2.600     2.300     0.700     1.800
    37       3.400     3.000     1.000     1.800
    38       5.100     4.000     8.000     1.800
    39       6.300    12.000    35.000     1.780
    40       8.000    47.000  1000.000     1.780


 the next model is for s only:


       velocity model  9
   layer  velocity     depth   thickness    vpvs  
           km/sec       km        km

    41       1.278     0.000     2.300     0.000
    42       1.444     2.300     0.700     0.000
    43       1.889     3.000     1.000     0.000
    44       2.833     4.000     8.000     0.000
    45       3.539    12.000    35.000     0.000
    46       4.494    47.000  1000.000     0.000


       velocity model 10
   layer  velocity     depth   thickness    vpvs  
           km/sec       km        km

    47       2.300     0.000     1.000     1.800
    48       0.370     1.000     1.000     1.800
    49      10.000     2.000     1.000     1.800
    50       6.300     3.000     1.000     1.800
    51     200.000     4.000  1000.000     1.800


       velocity model 11
   layer  velocity     depth   thickness    vpvs  
           km/sec       km        km

    52       3.050     0.000     3.000     1.780
    53       3.440     3.000     1.790     1.780
    54       5.560     4.790     1.860     1.780
    55       6.060     6.650     6.530     1.780
    56       6.720    13.180    12.450     1.780
    57       7.610    25.630    15.880     1.780
    58       7.900    41.510  1000.000     1.780
 jump to 871101114127p                                     
                                              ----------------------------------------------------------------
                                              ----------------------------------------------------------------
                                              ----------------------------------------------------------------
 87/11/01    11:41            usgs sun standard processing headopts.prm            

              vp/vs ratio    std. error of vp/vs  date   hrmn  origin   s-intercept  estimated std. er.  std. er. used
 1) s vs p         1.7849           0.0188       871101  1141   26.87      -21.09         0.09              0.10
 2) p vs s         1.7676           0.0171       871101  1141   26.19      -20.10         0.20              0.20
 3) bi-weight      1.7670           0.0255       871101  1141   26.21      -20.11

 station  prmk  p-time    p-wt  srmk  s-time    s-wt  deviation from line
    klu   IP 0   55.86    1.00  ES 1   78.14    0.04          -0.23
    kni   IP 0   33.53    1.00  IS 1   38.78    0.04          -0.18
    vzw   IPU0   47.60    1.00  ES 1   64.44    0.04           0.22
    gli   EP 2   43.08    0.01  ES 2   55.52    0.01          -0.24
    lou   IP 2   35.24    0.01  IS     41.77    1.00          -0.19
    mtu   IP 0   30.96    1.00  IS 1   34.71    0.04           0.05
    prg   EP 1   44.58    0.04  ES 2   58.03    0.01          -0.31
    cfi   IPU0   46.55    1.00  IS 1   62.60    0.04           0.22
 compute starting parameters from the first   9 p-arrival times.

                                                                                    ( adjustments )(adjst.  taken)
  i  lat long depth    rms   prms    damp     no   phi  --------eigenvalues--------- dlat dlon   dz dlat dlon   dz
      60  147
  1  0.4 50.9  -3.0* 1.3019 .85551 .10E-04    33  29.0 .9324E-01 .5914E-01 .1000E-04 7.55 7.34 0.00 7.55 7.34 0.00                  
  2  4.5 58.8  -3.0* .81364 .80789 .10E-04    33  29.0 .9885E-01 .7211E-01 .1000E-04 .975 -.41 0.00 .975 -.41 0.00                  
  3  5.0 58.3  -3.0* .80730 .80723 .10E-04    33  29.0 .1025E+00 .7196E-01 .1000E-04 .069 -.11 0.00 .069 -.11 0.00                  
  4  5.0 58.2  -3.0* .80721 .80721 .10E-04    33  29.0 .1031E+00 .7183E-01 .1000E-04 .008 -.02 0.00 .008 -.02 0.00                  
 apply distance weighting
      60  147
  5  5.0 58.2  -3.0* .77628 .77289 .10E-04    22  18.0 .1005E+00 .6564E-01 .1000E-04 .238 .712 0.00 .238 .712 0.00                  
  6  5.2 59.0  -3.0* .77257 .77253 .10E-04    22  18.0 .9869E-01 .6692E-01 .1000E-04 .001 .078 0.00 .001 .078 0.00                  
  7  5.2 59.0  -3.0* .77253 .77253 .10E-04    22  18.0 .9844E-01 .6705E-01 .1000E-04 0.00 .009 0.00 0.00 .009 0.00                  
  8  5.2 59.1  -3.0* .77252 .77252 .10E-04    22  18.0 .9840E-01 .6706E-01 .1000E-04 .000 .001 0.00 .000 .001 0.00                  

                                                                                    ( adjustments )(adjst.  taken)
  i  lat long depth    rms   prms    damp     no   phi  --------eigenvalues--------- dlat dlon   dz dlat dlon   dz
      60  147
  1  0.4 50.9  75.0* 2.8127 2.6866 .10E-04    33  29.0 .2644E-01 .1328E-01 .1000E-04 -22. -.03 0.00 -22. -.03 0.00                  
  2 48.6 50.8  75.0* 2.7886 2.6918 .10E-04    33  29.0 .2168E-01 .1037E-01 .1000E-04 22.5 4.52 0.00 22.5 4.52 0.00                  
  3  0.7 55.7  75.0* 2.8181 0.0000 .10E-02    33  29.0 .2168E-01 .1037E-01 .1000E-04                -22. -4.5 0.00                  
  4 48.6 50.9  75.0* 2.7887 2.7001 .10E-02    33  29.0 .2267E-01 .1136E-01 .1000E-02 20.6 3.93 0.00 20.6 3.93 0.00                  
 apply distance weighting
      59  147
  5 59.7 55.1  75.0* 2.6564 2.4457 .50E-03    22  18.0 .1793E-01 .1210E-01 .5000E-03 -12. -21. 0.00 -12. -21. 0.00                  
  6 53.1 32.6  75.0* 2.5987 2.4875 .25E-03    22  18.0 .1482E-01 .9605E-02 .2500E-03 12.4 17.2 0.00 12.4 17.2 0.00                  
  7 59.7 51.1  75.0* 2.6061 0.0000 .85E-02    22  18.0 .1482E-01 .9605E-02 .2500E-03                -12. -17. 0.00                  
  8 53.0 32.7  75.0* 2.5985 2.5380 .85E-02    22  18.0 .2304E-01 .1783E-01 .8476E-02 6.35 9.71 0.00 6.35 9.71 0.00                  
  9 56.4 43.1  75.0* 2.5403 2.5385 .42E-02    22  18.0 .2002E-01 .1468E-01 .4238E-02 -.29 -2.0 0.00 -.29 -2.0 0.00                  
 10 56.3 41.0  75.0* 2.5393 2.5389 .21E-02    22  18.0 .1776E-01 .1243E-01 .2119E-02 .243 .985 0.00 .243 .985 0.00                  
 11 56.4 42.1  75.0* 2.5391 2.5390 .11E-02    22  18.0 .1678E-01 .1145E-01 .1059E-02 -.24 -.68 0.00 -.24 -.68 0.00                  
 12 56.3 41.3  75.0* 2.5391 2.5390 .53E-03    22  18.0 .1618E-01 .1086E-01 .5297E-03 .256 .551 0.00 .256 .551 0.00                  
 13 56.4 41.9  75.0* 2.5391 2.5390 .26E-03    22  18.0 .1598E-01 .1065E-01 .2649E-03 -.27 -.48 0.00 -.27 -.48 0.00                  
 14 56.3 41.4  75.0* 2.5391 0.0000 .92E-02    22  18.0 .1598E-01 .1065E-01 .2649E-03                .272 .482 0.00                  
 15 56.4 41.9  75.0* 2.5391 2.5390 .92E-02    22  18.0 .2494E-01 .1961E-01 .9229E-02 -.13 -.28 0.00 -.13 -.28 0.00                  
 16 56.3 41.6  75.0* 2.5391 2.5391 .46E-02    22  18.0 .2030E-01 .1497E-01 .4615E-02 .004 .043 0.00 .004 .043 0.00                  
 17 56.3 41.6  75.0* 2.5391 2.5391 .23E-02    22  18.0 .1799E-01 .1266E-01 .2307E-02 0.00 -.02 0.00 0.00 -.02 0.00                  
 18 56.3 41.6  75.0* 2.5391 2.5391 .12E-02    22  18.0 .1684E-01 .1151E-01 .1154E-02 .005 .014 0.00 .005 .014 0.00                  
 19 56.3 41.6  75.0* 2.5391 0.0000 .12E-01    22  18.0 .1684E-01 .1151E-01 .1154E-02                0.00 -.01 0.00                  
 20 56.3 41.6  75.0* 2.5391 2.5391 .12E-01    22  18.0 .2722E-01 .2189E-01 .1154E-01 .002 .008 0.00 .002 .008 0.00                  
 21 56.3 41.6  75.0* 2.5391 0.0000 .12E+00    22  18.0 .2722E-01 .2189E-01 .1154E-01                0.00 -.01 0.00                  
 22 56.3 41.6  75.0* 2.5391 2.5391 .12E+00    22  18.0 .1310E+00 .1257E+00 .1154E+00 .000 .002 0.00 .000 .002 0.00                  

                                                                                    ( adjustments )(adjst.  taken)
  i  lat long depth    rms   prms    damp     no   phi  --------eigenvalues--------- dlat dlon   dz dlat dlon   dz
      59  147
  1 56.3 41.6  75.0  2.8249 .43134 .10E-04    33  29.0 .2608E-01 .1691E-01 .1191E-01 -2.0 10.6 -65. -.61 3.24 -20.                  
  2 56.0 45.1  55.0  1.9728 .37065 .10E-04    33  29.0 .2905E-01 .1802E-01 .1544E-01 8.25 8.40 -45. 3.64 3.70 -20.                  
  3 58.0 49.1  35.0  1.1531 .37466 .10E-04    33  29.0 .3436E-01 .2631E-01 .1375E-01 12.2 6.18 -27. 9.05 4.58 -20.                  
  4  2.8 54.0  15.0  .37339 .26787 .10E-04    33  29.0 .9168E-01 .4806E-01 .6439E-02 6.41 -.09 -6.2 6.41 -.09 -6.2                  
 apply distance weighting
      60  147
  5  6.3 53.9   8.8  .32013 .16633 .10E-04    22  18.0 .1135E+00 .5357E-01 .3570E-01 -2.8 -.43 1.93 -2.8 -.43 1.93                  
  6  4.8 53.5  10.7  .17218 .16831 .10E-04    22  18.0 .8441E-01 .5519E-01 .1708E-01 -.08 -.49 .577 -.08 -.49 .577                  
  7  4.7 52.9  11.3  .16701 .16694 .10E-04    22  18.0 .8431E-01 .5592E-01 .1888E-01 -.04 -.03 .045 -.04 -.03 .045                  
  8  4.7 52.9  11.3  .16705 0.0000 .10E-02    22  18.0 .8431E-01 .5592E-01 .1888E-01                .045 .031 -.04                  
  9  4.7 52.9  11.3  .16701 .16694 .10E-02    22  18.0 .8530E-01 .5691E-01 .1987E-01 -.04 -.03 .042 -.04 -.03 .042                  
 10  4.7 52.9  11.3  .16704 0.0000 .55E-01    22  18.0 .8530E-01 .5691E-01 .1987E-01                .044 .030 -.04                  
 11  4.7 52.9  11.3  .16701 .16698 .55E-01    22  18.0 .1393E+00 .1109E+00 .7389E-01 -.03 -.01 .010 -.03 -.01 .010                  
 12  4.7 52.9  11.3  .16699 .16698 .28E-01    22  18.0 .1118E+00 .8342E-01 .4641E-01 -.01 -.01 .014 -.01 -.01 .014                  
 13  4.7 52.9  11.3  .16700 0.0000 .28E+00    22  18.0 .1118E+00 .8342E-01 .4641E-01                .013 .009 -.01                  
 14  4.7 52.9  11.3  .16699 .16699 .28E+00    22  18.0 .3594E+00 .3310E+00 .2940E+00 0.00 0.00 .002 0.00 0.00 .002                  
 15  4.7 52.9  11.3  .16698 .16698 .14E+00    22  18.0 .2218E+00 .1935E+00 .1565E+00 0.00 0.00 .004 0.00 0.00 .004                  
 16  4.7 52.9  11.3  .16699 0.0000 .14E+01    22  18.0 .2218E+00 .1935E+00 .1565E+00                .005 .003 0.00                  
 17  4.7 52.9  11.3  .16698 .16698 .14E+01    22  18.0 .1460E+01 .1432E+01 .1395E+01 0.00 0.00 .000 0.00 0.00 .000                  
 17  4.7 52.9  11.3  .16698 .16697 .10E-04    22  18.0 .8425E-01 .5591E-01 .1890E-01 -.02 -.02 .033 0.00 0.00 0.00                  
         -az/dp--step---se =az/dp==step===se -az/dp--step---se
         341/16 -.011 .644 241/29 .0064 .791  96/56 .0396 1.36                                                                       
 C*(F) 871101114127                                                                                                 

 horizontal and vertical single variable standard deviations (68% - one degree of freedom; max 99 km)
       seh =   0.36             seh =   0.53             sez =   0.64   quality = a
       az  =    -2.             az  =   -92.

 se of orig =   0.06; # of iterations =  17; dmax =     150.00; sequence number =      
 event type = " "; processing status = " "
 s minus p interval for closest station =       3.75

    date    origin      lat      long    depth    mag no d1 gap d  rms    avwt   se
 19871101 1141 27.38 60n 4.73 147w52.91  11.28  1.857 22 16 144 1 0.1670  1.00  0.10
                     60.0788  147.8819
    seh  sez q sqd  adj in nr   avr  aar nm avxm mdxm sdxm nf avfm mdfm sdfm   vpvs
    0.5  0.6 c b c 0.01 10 33 .0000 .110  2 1.03 1.03  0.9 11 1.86 1.75  0.3  1.767

                      -- travel times and delays --
  stn c pha remk p p-sec s-sec resid  std-er   dist  azm ain    tc c vthk  ttob-ttcal-dlay-edly=resid rmk stn pha sources
  mtu z     IP 0   30.96       -0.05    0.10   16.4  128 116       2       3.58  3.63           -0.05 NO  mtu           0
  mtu z s   IS 1        34.71   0.87    0.50             116       2       7.33  6.46            0.87 NO  mtu s  
  kni z     IP 0   33.53        0.23    0.10   31.1   15  96       2       6.15  5.92            0.23     kni           0
  kni z s   IS 1        38.78   0.85    0.50              96       2      11.40 10.55            0.85     kni s  
  gby z     IPN0 n 34.60       -0.09    0.10   39.7  352  94       2       7.22  7.31           -0.09     gby           0
  lou z     IP 2   35.24       -0.30    1.00   45.0   17  93       2       7.86  8.16           -0.30 NO  lou           0
  lou z s   IS          41.77  -0.14    0.10              93       2      14.39 14.53           -0.14 NO  lou s  
  swd z     EP 1   41.03       -0.67    0.50   87.3  272  57       2      13.65 14.32           -0.67     swd           0
  pwl z     IP 0   42.55        0.08    0.10   90.5  344  57 -.270 2      14.90 14.82            0.08     pwl           1
  msp z     IP 0   42.55       -0.03    0.10   93.7  300  57       2      15.17 15.20           -0.03     msp           0
  gli z     EP 2   43.08       -0.28    1.00   99.2   26  57       2      15.70 15.98           -0.28     gli           0
  gli z s   ES 2        55.52  -0.30    1.00              57       2      28.14 28.44           -0.30     gli s  
  fid z     IPU0 c 43.58       -0.07    0.10  101.3   44  57       2      16.20 16.27           -0.07     fid           0
  prg z     EP 1   44.58        0.13    0.51  107.6  325  57       2      17.20 17.07            0.13     prg           0
  prg z s   ES 2        58.03   0.26    1.01              57       2      30.65 30.39            0.26     prg s  
  cfi z     IPU0 c 46.82        0.04    0.12  123.2    3  54 -.270 2      19.17 19.13            0.04     cfi           1
  cfi z s   IS 1        62.87   1.17    0.62              54 -.270 2      35.22 34.05            1.17     cfi s  
  cva z     EP 1   47.10       -0.47    0.81  129.1   65  54 -.270 2      19.45 19.92           -0.47     cva           1
  vzw z     IPU0 c 47.60       -0.07    0.17  131.3   33  54       2      20.22 20.29           -0.07     vzw           0
  vzw z s   ES 1        64.44   0.94    0.83              54       2      37.06 36.12            0.94     vzw s  
  slk z     EP 1   48.51       -0.13    1.19  138.1  291  54       2      21.13 21.16 .100      -0.13     slk           0
  vlz z     EP 1   49.58        0.26    2.29  144.8   35  54       2      22.20 21.94            0.26     vlz           0
  pms z     EP 2   51.29        0.02 d -----  159.1  325  54       2      23.91 23.89            0.02     pms         D 0
  plr z     EP 3   56.5         2.36 d -----  181.8  339  54       2      29.12 26.76            2.36 WE  plr           0
  nnl z     EP 2   56.25       -0.44 d -----  189.8  270  54       2      28.87 27.84 1.47      -0.44     nnl           0
  klu z     IP 0   55.86        0.48 d -----  190.4   33  54       2      28.48 28.00            0.48     klu           0
  klu z s   ES 1        78.14   0.93 d -----              54       2      50.76 49.83            0.93     klu s  
  scm z     EP 2   57.80        1.46 d -----  197.8    8  54       2      30.42 28.96            1.46     scm           0
  cnp z     EP 2   57.84        1.52 d -----  198.1  253  54       2      30.46 28.94            1.52     cnp           0
  rdt z     EP 2   63.23       -0.86 d -----  255.9  284  52       2      35.85 36.35 .360      -0.86     rdt           0
  spu z     EP 1   64.11       -0.42 d -----  259.3  300  52       2      36.73 36.76 .390      -0.42     spu           0
  wax z     EP 1   65.93       -1.32 d -----  281.5   79  52 -.270 2      38.28 39.60           -1.32     wax           1
  ili z     EP 2   66.33       -1.21 d -----  282.6  272  52       2      38.95 39.72 .440      -1.21     ili           0

                                     -- magnitude data --
  stn c source sys    c10   amx gr ink     amf    per   unit/mm  gnd mot u xmgc xmag  fmp fmag
  kni z                                                                                54 2.41*
  gby z                                                                                25 1.75 
  pwl z                                                                                24 1.71 
  msp z                                                                                19 1.51 
  gli z                                                                                22 1.63 
  fid z                                                                                23 1.67 
  prg z                                                                                25 1.75 
  cfi z                                                                                35 2.04 
  vzw z                                                                                25 1.75 
  slk z                                                                                35 2.04 
  pms z   D    18   23.87   10.             10.  0.20 2.3873E+07 4.189E-04 0.00 .105*          
  rdt z         9    8.31   10.             10.  0.10 1.1082E+06 9.024E-03 0.00 1.95*          
  spu z                                                                                41 2.18 

          missing station  delta   azim  ex-gap  rd-gap
                      ltiz    4.5  160.1   144.5    32.1
 depth may decrease by       0.66 or increase by       0.49 given a reading 
 standard error of    0.100 and rms limit of   0.171
 jump back to main input stream.

 sound bell 
  completed reading input phase file
 average rms of all events =    0.16698
 average vp/vs ratio =       1.77 for    1 events.  standard deviation of ratio =       0.00

 ***** class/     a     b     c     d total *****

      number/   1.0   0.0   0.0   0.0   1.0

  percentage/ 100.0   0.0   0.0   0.0

   include only class d and better in the following statistics.

          ----------- p residuals --------------    ----------- s residuals -------------
           no event wting        event wting         no event wting        event wting
 station  n  wt  ave   sd     n   wt  ave   sd      n  wt   ave  sd     n   wt   ave  sd    station
    cfiz   1 0.6 0.040 0.000   1 11.6 0.040 0.000    1 0.0 1.169 0.000   1  0.5 1.169 0.000    cfi
    cvaz   1 0.0-0.467 0.000   1  0.3-0.467 0.000    0 0.0 0.000 0.000   0  0.0 0.000 0.000    cva
    fidz   1 1.0-0.074 0.000   1 18.0-0.074 0.000    0 0.0 0.000 0.000   0  0.0 0.000 0.000    fid
    gbyz   1 1.0-0.089 0.000   1 18.0-0.089 0.000    0 0.0 0.000 0.000   0  0.0 0.000 0.000    gby
    gliz   1 0.0-0.280 0.000   1  0.2-0.280 0.000    1 0.0-0.304 0.000   1  0.2-0.304 0.000    gli
    kniz   1 1.0 0.225 0.000   1 18.0 0.225 0.000    1 0.0 0.854 0.000   1  0.7 0.854 0.000    kni
    louz   1 0.0-0.303 0.000   1  0.2-0.303 0.000    1 1.0-0.140 0.000   1 18.0-0.140 0.000    lou
    mspz   1 1.0-0.034 0.000   1 18.0-0.034 0.000    0 0.0 0.000 0.000   0  0.0 0.000 0.000    msp
    mtuz   1 1.0-0.049 0.000   1 18.0-0.049 0.000    1 0.0 0.870 0.000   1  0.7 0.870 0.000    mtu
    prgz   1 0.0 0.129 0.000   1  0.7 0.129 0.000    1 0.0 0.264 0.000   1  0.2 0.264 0.000    prg
    pwlz   1 1.0 0.083 0.000   1 18.0 0.083 0.000    0 0.0 0.000 0.000   0  0.0 0.000 0.000    pwl
    slkz   1 0.0-0.126 0.000   1  0.1-0.126 0.000    0 0.0 0.000 0.000   0  0.0 0.000 0.000    slk
    swdz   1 0.0-0.674 0.000   1  0.7-0.674 0.000    0 0.0 0.000 0.000   0  0.0 0.000 0.000    swd
    vlzz   1 0.0 0.259 0.000   1  0.0 0.259 0.000    0 0.0 0.000 0.000   0  0.0 0.000 0.000    vlz
    vzwz   1 0.4-0.070 0.000   1  6.6-0.070 0.000    1 0.0 0.943 0.000   1  0.3 0.943 0.000    vzw

           s-p residuals        x-mag res       f-mag res
 station  n  wt  ave   sd     n  ave   sd     n  ave   sd
    cfiz   0 0.0 0.000 0.000   0 0.000 0.000   1 0.181 0.000
    fidz   0 0.0 0.000 0.000   0 0.000 0.000   1-0.184 0.000
    gbyz   0 0.0 0.000 0.000   0 0.000 0.000   1-0.111 0.000
    gliz   0 0.0 0.000 0.000   0 0.000 0.000   1-0.222 0.000
    kniz   0 0.0 0.000 0.000   0 0.000 0.000   1 0.557 0.000
    mspz   0 0.0 0.000 0.000   0 0.000 0.000   1-0.350 0.000
    pmsz   0 0.0 0.000 0.000   1-0.920 0.000   0 0.000 0.000
    prgz   0 0.0 0.000 0.000   0 0.000 0.000   1-0.111 0.000
    pwlz   0 0.0 0.000 0.000   0 0.000 0.000   1-0.147 0.000
    rdtz   0 0.0 0.000 0.000   1 0.920 0.000   0 0.000 0.000
    slkz   0 0.0 0.000 0.000   0 0.000 0.000   1 0.181 0.000
    spuz   0 0.0 0.000 0.000   0 0.000 0.000   1 0.318 0.000
    vzwz   0 0.0 0.000 0.000   0 0.000 0.000   1-0.111 0.000
 irelo =   0 nreloc =   0

